<?xml version="1.0" encoding="UTF-8"?>
<testng-results skipped="0" failed="0" total="1" passed="1">
  <reporter-output>
    <line>
      <![CDATA[Driver Object Created!]]>
    </line>
  </reporter-output>
  <suite name="Simple Reporter Suite" duration-ms="7811" started-at="2017-09-20T12:00:23Z" finished-at="2017-09-20T12:00:31Z">
    <groups>
    </groups>
    <test name="Login Test cases" duration-ms="7811" started-at="2017-09-20T12:00:23Z" finished-at="2017-09-20T12:00:31Z">
      <class name="com.phptravels.TestScripts.UserLogin">
        <test-method status="PASS" signature="setUp()[pri:0, instance:com.phptravels.TestScripts.UserLogin@31ef45e3]" name="setUp" is-config="true" duration-ms="8230" started-at="2017-09-20T17:30:15Z" finished-at="2017-09-20T17:30:23Z">
          <reporter-output>
          </reporter-output>
        </test-method> <!-- setUp -->
        <test-method status="PASS" signature="validLogin()[pri:0, instance:com.phptravels.TestScripts.UserLogin@31ef45e3]" name="validLogin" duration-ms="7797" started-at="2017-09-20T17:30:23Z" finished-at="2017-09-20T17:30:31Z">
          <reporter-output>
            <line>
              <![CDATA[Driver Object Created!]]>
            </line>
          </reporter-output>
        </test-method> <!-- validLogin -->
      </class> <!-- com.phptravels.TestScripts.UserLogin -->
    </test> <!-- Login Test cases -->
  </suite> <!-- Simple Reporter Suite -->
</testng-results>
