<?xml version="1.0" encoding="UTF-8"?>
<testng-results skipped="0" failed="0" ignored="0" total="1" passed="1">
  <reporter-output>
  </reporter-output>
  <suite name="Default suite" duration-ms="17214" started-at="2017-08-30T14:05:24Z" finished-at="2017-08-30T14:05:41Z">
    <groups>
    </groups>
    <test name="Default test" duration-ms="17214" started-at="2017-08-30T14:05:24Z" finished-at="2017-08-30T14:05:41Z">
      <class name="com.maventest.TestExample.MultipleActions.DemoDragDrop">
        <test-method status="PASS" signature="Setup()[pri:0, instance:com.maventest.TestExample.MultipleActions.DemoDragDrop@42d80b78]" name="Setup" is-config="true" duration-ms="3467" started-at="2017-08-30T19:35:24Z" finished-at="2017-08-30T19:35:27Z">
          <reporter-output>
          </reporter-output>
        </test-method> <!-- Setup -->
        <test-method status="PASS" signature="dragAndDropTest()[pri:0, instance:com.maventest.TestExample.MultipleActions.DemoDragDrop@42d80b78]" name="dragAndDropTest" duration-ms="13734" started-at="2017-08-30T19:35:27Z" finished-at="2017-08-30T19:35:41Z">
          <reporter-output>
          </reporter-output>
        </test-method> <!-- dragAndDropTest -->
      </class> <!-- com.maventest.TestExample.MultipleActions.DemoDragDrop -->
    </test> <!-- Default test -->
  </suite> <!-- Default suite -->
</testng-results>
