<?xml version="1.0" encoding="UTF-8"?>
<!-- Generated by org.testng.reporters.JUnitXMLReporter -->
<testsuite hostname="360NDCPC104" ignored="0" name="Default test" tests="3" failures="0" timestamp="23 Aug 2017 09:52:42 GMT" time="0.048" errors="0">
  <testcase name="testMethod" time="0.003" classname="com.maventest.TestExample.DataProviderClass"/>
  <testcase name="testMethod" time="0.002" classname="com.maventest.TestExample.DataProviderClass"/>
  <testcase name="testMethod" time="0.004" classname="com.maventest.TestExample.DataProviderClass"/>
</testsuite> <!-- Default test -->
