<?xml version="1.0" encoding="UTF-8"?>
<!-- Generated by org.testng.reporters.JUnitXMLReporter -->
<testsuite hostname="360NDCPC104" name="FirstTestCase" tests="4" failures="0" timestamp="20 Sep 2017 06:26:46 GMT" time="27.09" errors="0">
  <testcase name="loginWithInvalidPassword" time="6.816" classname="com.phptravels.TestScripts.UserLogin"/>
  <testcase name="loginWithInvalidUserName" time="6.575" classname="com.phptravels.TestScripts.UserLogin"/>
  <testcase name="loginWithblankFileds" time="6.181" classname="com.phptravels.TestScripts.UserLogin"/>
  <testcase name="validLogin" time="7.508" classname="com.phptravels.TestScripts.UserLogin"/>
</testsuite> <!-- FirstTestCase -->
