<?xml version="1.0" encoding="UTF-8"?>
<testng-results skipped="0" failed="0" total="1" passed="1">
  <reporter-output>
  </reporter-output>
  <suite name="Default suite" duration-ms="39566" started-at="2017-09-14T10:38:49Z" finished-at="2017-09-14T10:39:29Z">
    <groups>
    </groups>
    <test name="Default test" duration-ms="39566" started-at="2017-09-14T10:38:49Z" finished-at="2017-09-14T10:39:29Z">
      <class name="com.multiBrowseTesting.BrowserTypeTest">
        <test-method status="PASS" signature="setUp()[pri:0, instance:com.multiBrowseTesting.BrowserTypeTest@56de5251]" name="setUp" duration-ms="39555" started-at="2017-09-14T16:08:49Z" finished-at="2017-09-14T16:09:29Z">
          <reporter-output>
          </reporter-output>
        </test-method> <!-- setUp -->
      </class> <!-- com.multiBrowseTesting.BrowserTypeTest -->
    </test> <!-- Default test -->
  </suite> <!-- Default suite -->
</testng-results>
