<?xml version="1.0" encoding="UTF-8"?>
<!-- Generated by org.testng.reporters.JUnitXMLReporter -->
<testsuite hostname="360NDCPC104" name="Test" tests="3" failures="1" timestamp="12 Sep 2017 08:01:55 GMT" time="0.023" errors="0">
  <testcase name="testRealReportOne" time="0.008" classname="com.reporting.TestRealReport"/>
  <testcase name="testRealReportTwo" time="0.002" classname="com.reporting.TestRealReport">
    <failure type="java.lang.AssertionError" message="expected [true] but found [false]">
      <![CDATA[java.lang.AssertionError: expected [true] but found [false]
	at com.reporting.TestRealReport.testRealReportTwo(TestRealReport.java:28)
... Removed 28 stack frames]]>
    </failure>
  </testcase> <!-- testRealReportTwo -->
  <testcase name="testRealReportThree" time="0.001" classname="com.reporting.TestRealReport">
    <skipped/>
  </testcase> <!-- testRealReportThree -->
</testsuite> <!-- Test -->
