<?xml version="1.0" encoding="UTF-8"?>
<!-- Generated by org.testng.reporters.JUnitXMLReporter -->
<testsuite hostname="360NDCPC104" name="Default test" tests="4" failures="0" timestamp="20 Sep 2017 11:29:27 GMT" time="27.378" errors="0">
  <testcase name="loginWithInvalidPassword" time="6.698" classname="com.phptravels.TestScripts.UserLogin"/>
  <testcase name="loginWithInvalidUserName" time="6.502" classname="com.phptravels.TestScripts.UserLogin"/>
  <testcase name="loginWithblankFileds" time="6.326" classname="com.phptravels.TestScripts.UserLogin"/>
  <testcase name="validLogin" time="7.839" classname="com.phptravels.TestScripts.UserLogin"/>
</testsuite> <!-- Default test -->
