<?xml version="1.0" encoding="UTF-8"?>
<!-- Generated by org.testng.reporters.JUnitXMLReporter -->
<testsuite hostname="360NDCPC104" ignored="0" name="Test" tests="3" failures="0" timestamp="22 Aug 2017 14:38:37 GMT" time="0.029" errors="0">
  <testcase name="testmethod" time="0.004" classname="com.maventest.TestExample.FactoryExampleClass"/>
  <testcase name="testmethod" time="0.001" classname="com.maventest.TestExample.FactoryExampleClass"/>
  <testcase name="testmethod" time="0.001" classname="com.maventest.TestExample.FactoryExampleClass"/>
</testsuite> <!-- Test -->
